<?xml version="1.0" encoding="UTF-8"?>
<!-- Generated by org.testng.reporters.JUnitXMLReporter -->
<testsuite hostname="DESKTOP-45BADEB" ignored="0" name="Default test" tests="3" failures="0" timestamp="07 Dec 2019 02:53:06 GMT" time="0.088" errors="0">
  <testcase name="program1" time="0.022" classname="learnTestNG.FirstProgram"/>
  <testcase name="program2" time="0.004" classname="learnTestNG.FirstProgram"/>
  <testcase name="program3" time="0.003" classname="learnTestNG.FirstProgram"/>
</testsuite> <!-- Default test -->
