<?xml version="1.0" encoding="UTF-8"?>
<testng-results skipped="0" failed="0" ignored="0" total="3" passed="3">
  <reporter-output>
  </reporter-output>
  <suite name="Default suite" duration-ms="88" started-at="2019-12-07T02:53:06Z" finished-at="2019-12-07T02:53:06Z">
    <groups>
    </groups>
    <test name="Default test" duration-ms="88" started-at="2019-12-07T02:53:06Z" finished-at="2019-12-07T02:53:06Z">
      <class name="learnTestNG.FirstProgram">
        <test-method status="PASS" signature="program1()[pri:0, instance:learnTestNG.FirstProgram@42e26948]" name="program1" duration-ms="22" started-at="2019-12-07T02:53:06Z" finished-at="2019-12-07T02:53:06Z">
          <reporter-output>
          </reporter-output>
        </test-method> <!-- program1 -->
        <test-method status="PASS" signature="program2()[pri:0, instance:learnTestNG.FirstProgram@42e26948]" name="program2" duration-ms="4" started-at="2019-12-07T02:53:06Z" finished-at="2019-12-07T02:53:06Z">
          <reporter-output>
          </reporter-output>
        </test-method> <!-- program2 -->
        <test-method status="PASS" signature="program3()[pri:0, instance:learnTestNG.FirstProgram@42e26948]" name="program3" duration-ms="3" started-at="2019-12-07T02:53:06Z" finished-at="2019-12-07T02:53:06Z">
          <reporter-output>
          </reporter-output>
        </test-method> <!-- program3 -->
      </class> <!-- learnTestNG.FirstProgram -->
    </test> <!-- Default test -->
  </suite> <!-- Default suite -->
</testng-results>
